discarding /n/sw/fasrcsw/apps/Core/Anaconda/1.9.2-fasrc01/x/bin from PATH
prepending /n/home13/azhou/.conda/envs/mypython/bin to PATH
Using Theano backend.
Using gpu device 0: Tesla K80 (CNMeM is enabled with initial size: 95.0% of memory, cuDNN 4007)
INFO (theano.gof.compilelock): Waiting for existing lock by process '16568' (I am process '31758')
INFO (theano.gof.compilelock): To manually release the lock, delete /n/home13/azhou/.theano/compiledir_Linux-2.6-el6.x86_64-x86_64-with-centos-6.5-Final-x86_64-2.7.12-64/lock_dir
INFO (theano.gof.compilelock): Waiting for existing lock by unknown process (I am process '31758')
INFO (theano.gof.compilelock): To manually release the lock, delete /n/home13/azhou/.theano/compiledir_Linux-2.6-el6.x86_64-x86_64-with-centos-6.5-Final-x86_64-2.7.12-64/lock_dir
INFO (theano.gof.compilelock): Waiting for existing lock by process '8847' (I am process '31758')
INFO (theano.gof.compilelock): To manually release the lock, delete /n/home13/azhou/.theano/compiledir_Linux-2.6-el6.x86_64-x86_64-with-centos-6.5-Final-x86_64-2.7.12-64/lock_dir
INFO (theano.gof.compilelock): Waiting for existing lock by unknown process (I am process '31758')
INFO (theano.gof.compilelock): To manually release the lock, delete /n/home13/azhou/.theano/compiledir_Linux-2.6-el6.x86_64-x86_64-with-centos-6.5-Final-x86_64-2.7.12-64/lock_dir
INFO (theano.gof.compilelock): Waiting for existing lock by process '11133' (I am process '31758')
INFO (theano.gof.compilelock): To manually release the lock, delete /n/home13/azhou/.theano/compiledir_Linux-2.6-el6.x86_64-x86_64-with-centos-6.5-Final-x86_64-2.7.12-64/lock_dir
INFO (theano.gof.compilelock): Waiting for existing lock by process '16224' (I am process '31758')
INFO (theano.gof.compilelock): To manually release the lock, delete /n/home13/azhou/.theano/compiledir_Linux-2.6-el6.x86_64-x86_64-with-centos-6.5-Final-x86_64-2.7.12-64/lock_dir
INFO (theano.gof.compilelock): Waiting for existing lock by unknown process (I am process '31758')
INFO (theano.gof.compilelock): To manually release the lock, delete /n/home13/azhou/.theano/compiledir_Linux-2.6-el6.x86_64-x86_64-with-centos-6.5-Final-x86_64-2.7.12-64/lock_dir
INFO (theano.gof.compilelock): Waiting for existing lock by process '16568' (I am process '31758')
INFO (theano.gof.compilelock): To manually release the lock, delete /n/home13/azhou/.theano/compiledir_Linux-2.6-el6.x86_64-x86_64-with-centos-6.5-Final-x86_64-2.7.12-64/lock_dir
INFO (theano.gof.compilelock): Waiting for existing lock by unknown process (I am process '31758')
INFO (theano.gof.compilelock): To manually release the lock, delete /n/home13/azhou/.theano/compiledir_Linux-2.6-el6.x86_64-x86_64-with-centos-6.5-Final-x86_64-2.7.12-64/lock_dir
INFO (theano.gof.compilelock): Waiting for existing lock by process '10160' (I am process '31758')
INFO (theano.gof.compilelock): To manually release the lock, delete /n/home13/azhou/.theano/compiledir_Linux-2.6-el6.x86_64-x86_64-with-centos-6.5-Final-x86_64-2.7.12-64/lock_dir
INFO (theano.gof.compilelock): Waiting for existing lock by process '687' (I am process '31758')
INFO (theano.gof.compilelock): To manually release the lock, delete /n/home13/azhou/.theano/compiledir_Linux-2.6-el6.x86_64-x86_64-with-centos-6.5-Final-x86_64-2.7.12-64/lock_dir
INFO (theano.gof.compilelock): Waiting for existing lock by unknown process (I am process '31758')
INFO (theano.gof.compilelock): To manually release the lock, delete /n/home13/azhou/.theano/compiledir_Linux-2.6-el6.x86_64-x86_64-with-centos-6.5-Final-x86_64-2.7.12-64/lock_dir
